2019-07-01 at 16:06:39.144 CST INFO  com.newMall.service.impl.WX_OrderServiceImplTest logStartupProfileInfo-No active profile set, falling back to default profiles: default
2019-07-01 at 16:06:48.233 CST INFO  com.newMall.config.JedisConfig redisPoolFactory-JedisPool注入成功！redis地址：112.74.177.170:6379
2019-07-01 at 16:06:50.294 CST INFO  com.newMall.service.impl.WX_DicServiceImpl getSimpleDicByCondition-【service】获取单一的字典-getSimpleDicByCondition,请求-paramMap = {"dicType":"customMessageAccount"}
2019-07-01 at 16:06:51.655 CST INFO  com.newMall.service.impl.WX_DicServiceImpl getSimpleDicByCondition-【service】获取单一的字典-getSimpleDicByCondition,响应-resultDTO = {"code":0,"message":"成功","resultList":[{"customMessageAccountId":"gh_97b78683d2c9","customMessageAccountCode":"hui#_sheng#_huo","dicCode":"gh_97b78683d2c9","createTime":"2019-6-24 15:40:20","customMessageAccountAppId":"wx54847eda0638538e","customMessageAccountName":"惠生活","updateTime":"2019-6-24 15:40:20","customMessageAccountSecret":"c602d2b8fb984603cc82d3747c9bbb64","id":"659004576","dicName":"惠生活-小程序","customMessageType":"hui#_sheng#_huo","dicType":"customMessageAccount"}],"resultListTotal":1}
2019-07-01 at 16:07:03.562 CST INFO  com.newMall.service.impl.WX_OrderServiceImplTest logStarted-Started WX_OrderServiceImplTest in 27.043 seconds (JVM running for 33.259)
2019-07-01 at 16:07:03.887 CST INFO  com.newMall.service.impl.WX_OrderServiceImpl wxPayNotifyForPayTheBillInMiniProgram-【service】买单成功后的回调通知-wxPayNotifyForPayTheBillInMiniProgram,请求-paramMap = {"openid":"oAzim5MEDsI9fBi88cT_zovkw2L8","attach":"{\"payMoney\":\"1\",\"balance\":\"0\",\"integral\":\"0\",\"wxOrderId\":\"6d1315b5a8704ffd9286df3c6e40f651\",\"shopId\":\"1\"}"}
2019-07-01 at 16:07:03.991 CST INFO  com.newMall.service.impl.WX_OrderServiceImpl wxPayNotifyForPayTheBillInMiniProgram-【service】买单成功后的回调通知-wxPayNotifyForPayTheBillInMiniProgram,响应-resultMapDTO = {"code":190009,"message":"订单的状态不是待支付.","resultListTotal":0}
2019-07-01 at 16:07:40.455 CST INFO  com.newMall.service.impl.WX_OrderServiceImplTest logStartupProfileInfo-No active profile set, falling back to default profiles: default
2019-07-01 at 16:07:48.260 CST INFO  com.newMall.config.JedisConfig redisPoolFactory-JedisPool注入成功！redis地址：112.74.177.170:6379
2019-07-01 at 16:07:49.815 CST INFO  com.newMall.service.impl.WX_DicServiceImpl getSimpleDicByCondition-【service】获取单一的字典-getSimpleDicByCondition,请求-paramMap = {"dicType":"customMessageAccount"}
2019-07-01 at 16:07:51.317 CST INFO  com.newMall.service.impl.WX_DicServiceImpl getSimpleDicByCondition-【service】获取单一的字典-getSimpleDicByCondition,响应-resultDTO = {"code":0,"message":"成功","resultList":[{"customMessageAccountId":"gh_97b78683d2c9","customMessageAccountCode":"hui#_sheng#_huo","dicCode":"gh_97b78683d2c9","createTime":"2019-6-24 15:40:20","customMessageAccountAppId":"wx54847eda0638538e","customMessageAccountName":"惠生活","updateTime":"2019-6-24 15:40:20","customMessageAccountSecret":"c602d2b8fb984603cc82d3747c9bbb64","id":"659004576","dicName":"惠生活-小程序","customMessageType":"hui#_sheng#_huo","dicType":"customMessageAccount"}],"resultListTotal":1}
2019-07-01 at 16:07:58.615 CST INFO  com.newMall.service.impl.WX_OrderServiceImplTest logStarted-Started WX_OrderServiceImplTest in 22.388 seconds (JVM running for 28.475)
2019-07-01 at 16:07:58.809 CST INFO  com.newMall.service.impl.WX_OrderServiceImpl wxPayNotifyForPayTheBillInMiniProgram-【service】买单成功后的回调通知-wxPayNotifyForPayTheBillInMiniProgram,请求-paramMap = {"openid":"oAzim5MEDsI9fBi88cT_zovkw2L8","attach":"{\"payMoney\":\"1\",\"balance\":\"0\",\"integral\":\"0\",\"wxOrderId\":\"6d1315b5a8704ffd9286df3c6e40f651\",\"shopId\":\"1\"}"}
2019-07-01 at 16:07:58.916 CST INFO  com.newMall.service.impl.WX_OrderServiceImpl wxPayNotifyForPayTheBillInMiniProgram-【service】买单成功后的回调通知-wxPayNotifyForPayTheBillInMiniProgram,响应-resultMapDTO = {"code":190009,"message":"订单的状态不是待支付.","resultListTotal":0}
2019-07-01 at 16:08:36.353 CST INFO  com.newMall.service.impl.WX_OrderServiceImplTest logStartupProfileInfo-No active profile set, falling back to default profiles: default
2019-07-01 at 16:08:44.314 CST INFO  com.newMall.config.JedisConfig redisPoolFactory-JedisPool注入成功！redis地址：112.74.177.170:6379
2019-07-01 at 16:08:45.582 CST INFO  com.newMall.service.impl.WX_DicServiceImpl getSimpleDicByCondition-【service】获取单一的字典-getSimpleDicByCondition,请求-paramMap = {"dicType":"customMessageAccount"}
2019-07-01 at 16:08:46.782 CST INFO  com.newMall.service.impl.WX_DicServiceImpl getSimpleDicByCondition-【service】获取单一的字典-getSimpleDicByCondition,响应-resultDTO = {"code":0,"message":"成功","resultList":[{"customMessageAccountId":"gh_97b78683d2c9","customMessageAccountCode":"hui#_sheng#_huo","dicCode":"gh_97b78683d2c9","createTime":"2019-6-24 15:40:20","customMessageAccountAppId":"wx54847eda0638538e","customMessageAccountName":"惠生活","updateTime":"2019-6-24 15:40:20","customMessageAccountSecret":"c602d2b8fb984603cc82d3747c9bbb64","id":"659004576","dicName":"惠生活-小程序","customMessageType":"hui#_sheng#_huo","dicType":"customMessageAccount"}],"resultListTotal":1}
2019-07-01 at 16:08:53.159 CST INFO  com.newMall.service.impl.WX_OrderServiceImplTest logStarted-Started WX_OrderServiceImplTest in 21.126 seconds (JVM running for 26.959)
2019-07-01 at 16:08:53.346 CST INFO  com.newMall.service.impl.WX_OrderServiceImpl wxPayNotifyForPayTheBillInMiniProgram-【service】买单成功后的回调通知-wxPayNotifyForPayTheBillInMiniProgram,请求-paramMap = {"openid":"oAzim5MEDsI9fBi88cT_zovkw2L8","attach":"{\"payMoney\":\"1\",\"balance\":\"0\",\"integral\":\"0\",\"wxOrderId\":\"6d1315b5a8704ffd9286df3c6e40f651\",\"shopId\":\"1\"}"}
2019-07-01 at 16:08:53.451 CST INFO  com.newMall.service.impl.WX_OrderServiceImpl wxPayNotifyForPayTheBillInMiniProgram-【service】买单成功后的回调通知-wxPayNotifyForPayTheBillInMiniProgram,响应-resultMapDTO = {"code":190009,"message":"订单的状态不是待支付.","resultListTotal":0}
2019-07-01 at 16:09:37.409 CST INFO  com.newMall.service.impl.WX_OrderServiceImplTest logStartupProfileInfo-No active profile set, falling back to default profiles: default
2019-07-01 at 16:09:43.184 CST INFO  com.newMall.config.JedisConfig redisPoolFactory-JedisPool注入成功！redis地址：112.74.177.170:6379
2019-07-01 at 16:09:44.855 CST INFO  com.newMall.service.impl.WX_DicServiceImpl getSimpleDicByCondition-【service】获取单一的字典-getSimpleDicByCondition,请求-paramMap = {"dicType":"customMessageAccount"}
2019-07-01 at 16:09:46.049 CST INFO  com.newMall.service.impl.WX_DicServiceImpl getSimpleDicByCondition-【service】获取单一的字典-getSimpleDicByCondition,响应-resultDTO = {"code":0,"message":"成功","resultList":[{"customMessageAccountId":"gh_97b78683d2c9","customMessageAccountCode":"hui#_sheng#_huo","dicCode":"gh_97b78683d2c9","createTime":"2019-6-24 15:40:20","customMessageAccountAppId":"wx54847eda0638538e","customMessageAccountName":"惠生活","updateTime":"2019-6-24 15:40:20","customMessageAccountSecret":"c602d2b8fb984603cc82d3747c9bbb64","id":"659004576","dicName":"惠生活-小程序","customMessageType":"hui#_sheng#_huo","dicType":"customMessageAccount"}],"resultListTotal":1}
2019-07-01 at 16:09:52.054 CST INFO  com.newMall.service.impl.WX_OrderServiceImplTest logStarted-Started WX_OrderServiceImplTest in 16.731 seconds (JVM running for 20.743)
2019-07-01 at 16:09:52.221 CST INFO  com.newMall.service.impl.WX_OrderServiceImpl wxPayNotifyForPayTheBillInMiniProgram-【service】买单成功后的回调通知-wxPayNotifyForPayTheBillInMiniProgram,请求-paramMap = {"openid":"oAzim5MEDsI9fBi88cT_zovkw2L8","attach":"{\"payMoney\":\"1\",\"balance\":\"0\",\"integral\":\"0\",\"wxOrderId\":\"6d1315b5a8704ffd9286df3c6e40f651\",\"shopId\":\"1\"}"}
2019-07-01 at 16:10:08.162 CST INFO  com.newMall.service.impl.WX_OrderServiceImpl wxPayNotifyForPayTheBillInMiniProgram-【service】买单成功后的回调通知-wxPayNotifyForPayTheBillInMiniProgram,响应-resultMapDTO = {"code":190009,"message":"订单的状态不是待支付.","resultListTotal":0}
2019-07-01 at 16:10:37.408 CST INFO  com.newMall.service.impl.WX_OrderServiceImplTest logStartupProfileInfo-No active profile set, falling back to default profiles: default
2019-07-01 at 16:10:44.638 CST INFO  com.newMall.config.JedisConfig redisPoolFactory-JedisPool注入成功！redis地址：112.74.177.170:6379
2019-07-01 at 16:10:46.185 CST INFO  com.newMall.service.impl.WX_DicServiceImpl getSimpleDicByCondition-【service】获取单一的字典-getSimpleDicByCondition,请求-paramMap = {"dicType":"customMessageAccount"}
2019-07-01 at 16:10:47.406 CST INFO  com.newMall.service.impl.WX_DicServiceImpl getSimpleDicByCondition-【service】获取单一的字典-getSimpleDicByCondition,响应-resultDTO = {"code":0,"message":"成功","resultList":[{"customMessageAccountId":"gh_97b78683d2c9","customMessageAccountCode":"hui#_sheng#_huo","dicCode":"gh_97b78683d2c9","createTime":"2019-6-24 15:40:20","customMessageAccountAppId":"wx54847eda0638538e","customMessageAccountName":"惠生活","updateTime":"2019-6-24 15:40:20","customMessageAccountSecret":"c602d2b8fb984603cc82d3747c9bbb64","id":"659004576","dicName":"惠生活-小程序","customMessageType":"hui#_sheng#_huo","dicType":"customMessageAccount"}],"resultListTotal":1}
2019-07-01 at 16:10:54.391 CST INFO  com.newMall.service.impl.WX_OrderServiceImplTest logStarted-Started WX_OrderServiceImplTest in 19.251 seconds (JVM running for 24.38)
2019-07-01 at 16:10:54.575 CST INFO  com.newMall.service.impl.WX_OrderServiceImpl wxPayNotifyForPayTheBillInMiniProgram-【service】买单成功后的回调通知-wxPayNotifyForPayTheBillInMiniProgram,请求-paramMap = {"openid":"oAzim5MEDsI9fBi88cT_zovkw2L8","attach":"{\"payMoney\":\"1\",\"balance\":\"0\",\"integral\":\"0\",\"wxOrderId\":\"6d1315b5a8704ffd9286df3c6e40f651\",\"shopId\":\"1\"}"}
2019-07-01 at 16:11:13.856 CST INFO  com.newMall.service.impl.WX_DicServiceImpl getSimpleDicByCondition-【service】获取单一的字典-getSimpleDicByCondition,请求-paramMap = {"dicCode":"9","dicType":"shopDiscount"}
2019-07-01 at 16:11:14.008 CST INFO  com.newMall.service.impl.WX_DicServiceImpl getSimpleDicByCondition-【service】获取单一的字典-getSimpleDicByCondition,响应-resultDTO = {"code":0,"message":"成功","resultList":[{"shopDiscountName":"9折","dicCode":"9","createTime":"2019-6-24 15:06:49","shopDiscount":"0.9","shopDiscountCode":"0.9","updateTime":"2019-6-24 15:06:49","id":"11","dicName":"9折","dicType":"shopDiscount"}],"resultListTotal":1}
2019-07-01 at 16:11:43.991 CST INFO  com.newMall.service.impl.CommonServiceImpl enterprisePayment-在service中企业付款-enterprisePayment,请求-paramMap:{reUserName=惠生活, amount=90, customDesc=【御景西城贵公子】直接付款 0.9 元, openId=oAzim5MEDsI9fBi88cT_zovkw2L8, wxPublicNumGhId=gh_97b78683d2c9}
2019-07-01 at 16:11:43.992 CST INFO  com.newMall.service.impl.WX_DicServiceImpl getSimpleDicByCondition-【service】获取单一的字典-getSimpleDicByCondition,请求-paramMap = {"dicCode":"gh_97b78683d2c9","dicType":"cashBackActivity"}
2019-07-01 at 16:11:44.139 CST INFO  com.newMall.service.impl.WX_DicServiceImpl getSimpleDicByCondition-【service】获取单一的字典-getSimpleDicByCondition,响应-resultDTO = {"code":0,"message":"成功","resultList":[{"cashBackActivityName":"惠生活返现","dicCode":"gh_97b78683d2c9","cashBackActivityCode":"gh_97b78683d2c9","updateTime":"2019-6-24 16:05:41","checkName":"NO_CHECK","dicType":"cashBackActivity","createTime":"2019-6-24 16:05:41","wxPayCertPath":"/opt/wx_cert/newMall/apiclient_cert.p12","wxPublicNumberAppId":"wx54847eda0638538e","id":"659004588","dicName":"惠生活返现","wxPayMchId":"1529014131","wxPayApiSecert":"Caihongwang52013Caihongwang52014"}],"resultListTotal":1}
2019-07-01 at 16:12:29.259 CST ERROR com.newMall.service.impl.WX_OrderServiceImpl wxPayNotifyForPayTheBillInMiniProgram-店铺与平台之间的折扣值不是数字, e : java.lang.RuntimeException: java.io.FileNotFoundException: /opt/wx_cert/newMall/apiclient_cert.p12 (No such file or directory)
	at com.newMall.utils.WX_PublicNumberUtil.postSSL(WX_PublicNumberUtil.java:1242) ~[classes/:?]
	at com.newMall.utils.WX_PublicNumberUtil.enterprisePayment(WX_PublicNumberUtil.java:1011) ~[classes/:?]
	at com.newMall.service.impl.WX_RedPacketServiceImpl.enterprisePayment(WX_RedPacketServiceImpl.java:201) ~[classes/:?]
	at com.newMall.service.impl.WX_OrderServiceImpl.wxPayNotifyForPayTheBillInMiniProgram(WX_OrderServiceImpl.java:808) [classes/:?]
	at com.newMall.service.impl.WX_OrderServiceImplTest.TEST(WX_OrderServiceImplTest.java:35) [test-classes/:?]
	at sun.reflect.NativeMethodAccessorImpl.invoke0(Native Method) ~[?:1.8.0_162]
	at sun.reflect.NativeMethodAccessorImpl.invoke(NativeMethodAccessorImpl.java:62) ~[?:1.8.0_162]
	at sun.reflect.DelegatingMethodAccessorImpl.invoke(DelegatingMethodAccessorImpl.java:43) ~[?:1.8.0_162]
	at java.lang.reflect.Method.invoke(Method.java:498) ~[?:1.8.0_162]
	at org.junit.runners.model.FrameworkMethod$1.runReflectiveCall(FrameworkMethod.java:50) [junit-4.12.jar:4.12]
	at org.junit.internal.runners.model.ReflectiveCallable.run(ReflectiveCallable.java:12) [junit-4.12.jar:4.12]
	at org.junit.runners.model.FrameworkMethod.invokeExplosively(FrameworkMethod.java:47) [junit-4.12.jar:4.12]
	at org.junit.internal.runners.statements.InvokeMethod.evaluate(InvokeMethod.java:17) [junit-4.12.jar:4.12]
	at org.springframework.test.context.junit4.statements.RunBeforeTestExecutionCallbacks.evaluate(RunBeforeTestExecutionCallbacks.java:73) [spring-test-5.0.8.RELEASE.jar:5.0.8.RELEASE]
	at org.springframework.test.context.junit4.statements.RunAfterTestExecutionCallbacks.evaluate(RunAfterTestExecutionCallbacks.java:83) [spring-test-5.0.8.RELEASE.jar:5.0.8.RELEASE]
	at org.junit.internal.runners.statements.RunBefores.evaluate(RunBefores.java:26) [junit-4.12.jar:4.12]
	at org.springframework.test.context.junit4.statements.RunBeforeTestMethodCallbacks.evaluate(RunBeforeTestMethodCallbacks.java:75) [spring-test-5.0.8.RELEASE.jar:5.0.8.RELEASE]
	at org.junit.internal.runners.statements.RunAfters.evaluate(RunAfters.java:27) [junit-4.12.jar:4.12]
	at org.springframework.test.context.junit4.statements.RunAfterTestMethodCallbacks.evaluate(RunAfterTestMethodCallbacks.java:86) [spring-test-5.0.8.RELEASE.jar:5.0.8.RELEASE]
	at org.springframework.test.context.junit4.statements.SpringRepeat.evaluate(SpringRepeat.java:84) [spring-test-5.0.8.RELEASE.jar:5.0.8.RELEASE]
	at org.junit.runners.ParentRunner.runLeaf(ParentRunner.java:325) [junit-4.12.jar:4.12]
	at org.springframework.test.context.junit4.SpringJUnit4ClassRunner.runChild(SpringJUnit4ClassRunner.java:251) [spring-test-5.0.8.RELEASE.jar:5.0.8.RELEASE]
	at org.springframework.test.context.junit4.SpringJUnit4ClassRunner.runChild(SpringJUnit4ClassRunner.java:97) [spring-test-5.0.8.RELEASE.jar:5.0.8.RELEASE]
	at org.junit.runners.ParentRunner$3.run(ParentRunner.java:290) [junit-4.12.jar:4.12]
	at org.junit.runners.ParentRunner$1.schedule(ParentRunner.java:71) [junit-4.12.jar:4.12]
	at org.junit.runners.ParentRunner.runChildren(ParentRunner.java:288) [junit-4.12.jar:4.12]
	at org.junit.runners.ParentRunner.access$000(ParentRunner.java:58) [junit-4.12.jar:4.12]
	at org.junit.runners.ParentRunner$2.evaluate(ParentRunner.java:268) [junit-4.12.jar:4.12]
	at org.springframework.test.context.junit4.statements.RunBeforeTestClassCallbacks.evaluate(RunBeforeTestClassCallbacks.java:61) [spring-test-5.0.8.RELEASE.jar:5.0.8.RELEASE]
	at org.springframework.test.context.junit4.statements.RunAfterTestClassCallbacks.evaluate(RunAfterTestClassCallbacks.java:70) [spring-test-5.0.8.RELEASE.jar:5.0.8.RELEASE]
	at org.junit.runners.ParentRunner.run(ParentRunner.java:363) [junit-4.12.jar:4.12]
	at org.springframework.test.context.junit4.SpringJUnit4ClassRunner.run(SpringJUnit4ClassRunner.java:190) [spring-test-5.0.8.RELEASE.jar:5.0.8.RELEASE]
	at org.junit.runner.JUnitCore.run(JUnitCore.java:137) [junit-4.12.jar:4.12]
	at com.intellij.junit4.JUnit4IdeaTestRunner.startRunnerWithArgs(JUnit4IdeaTestRunner.java:68) [junit-rt.jar:?]
	at com.intellij.rt.execution.junit.IdeaTestRunner$Repeater.startRunnerWithArgs(IdeaTestRunner.java:51) [junit-rt.jar:?]
	at com.intellij.rt.execution.junit.JUnitStarter.prepareStreamsAndStart(JUnitStarter.java:242) [junit-rt.jar:?]
	at com.intellij.rt.execution.junit.JUnitStarter.main(JUnitStarter.java:70) [junit-rt.jar:?]
Caused by: java.io.FileNotFoundException: /opt/wx_cert/newMall/apiclient_cert.p12 (No such file or directory)
	at java.io.FileInputStream.open0(Native Method) ~[?:1.8.0_162]
	at java.io.FileInputStream.open(FileInputStream.java:195) ~[?:1.8.0_162]
	at java.io.FileInputStream.<init>(FileInputStream.java:138) ~[?:1.8.0_162]
	at java.io.FileInputStream.<init>(FileInputStream.java:93) ~[?:1.8.0_162]
	at com.newMall.utils.WX_PublicNumberUtil.postSSL(WX_PublicNumberUtil.java:1210) ~[classes/:?]
	... 36 more

2019-07-01 at 16:12:29.298 CST INFO  com.newMall.service.impl.WX_OrderServiceImpl wxPayNotifyForPayTheBillInMiniProgram-【service】买单成功后的回调通知-wxPayNotifyForPayTheBillInMiniProgram,响应-resultMapDTO = {"code":210009,"message":"店铺与平台之间的折扣值不是数字，请联系平台客服人员.","resultListTotal":0}
2019-07-01 at 16:21:20.784 CST INFO  com.newMall.service.impl.WX_OrderServiceImplTest logStartupProfileInfo-No active profile set, falling back to default profiles: default
2019-07-01 at 16:21:27.990 CST INFO  com.newMall.config.JedisConfig redisPoolFactory-JedisPool注入成功！redis地址：112.74.177.170:6379
2019-07-01 at 16:21:29.629 CST INFO  com.newMall.service.impl.WX_DicServiceImpl getSimpleDicByCondition-【service】获取单一的字典-getSimpleDicByCondition,请求-paramMap = {"dicType":"customMessageAccount"}
2019-07-01 at 16:21:31.137 CST INFO  com.newMall.service.impl.WX_DicServiceImpl getSimpleDicByCondition-【service】获取单一的字典-getSimpleDicByCondition,响应-resultDTO = {"code":0,"message":"成功","resultList":[{"customMessageAccountId":"gh_97b78683d2c9","customMessageAccountCode":"hui#_sheng#_huo","dicCode":"gh_97b78683d2c9","createTime":"2019-6-24 15:40:20","customMessageAccountAppId":"wx54847eda0638538e","customMessageAccountName":"惠生活","updateTime":"2019-6-24 15:40:20","customMessageAccountSecret":"c602d2b8fb984603cc82d3747c9bbb64","id":"659004576","dicName":"惠生活-小程序","customMessageType":"hui#_sheng#_huo","dicType":"customMessageAccount"}],"resultListTotal":1}
2019-07-01 at 16:21:38.452 CST INFO  com.newMall.service.impl.WX_OrderServiceImplTest logStarted-Started WX_OrderServiceImplTest in 20.224 seconds (JVM running for 24.196)
2019-07-01 at 16:21:38.674 CST INFO  com.newMall.service.impl.WX_OrderServiceImpl wxPayNotifyForPayTheBillInMiniProgram-【service】买单成功后的回调通知-wxPayNotifyForPayTheBillInMiniProgram,请求-paramMap = {"openid":"oAzim5MEDsI9fBi88cT_zovkw2L8","attach":"{\"payMoney\":\"1\",\"balance\":\"0\",\"integral\":\"0\",\"wxOrderId\":\"6d1315b5a8704ffd9286df3c6e40f651\",\"shopId\":\"1\"}"}
2019-07-01 at 16:21:39.036 CST INFO  com.newMall.service.impl.WX_DicServiceImpl getSimpleDicByCondition-【service】获取单一的字典-getSimpleDicByCondition,请求-paramMap = {"dicCode":"9","dicType":"shopDiscount"}
2019-07-01 at 16:21:39.134 CST INFO  com.newMall.service.impl.WX_DicServiceImpl getSimpleDicByCondition-【service】获取单一的字典-getSimpleDicByCondition,响应-resultDTO = {"code":0,"message":"成功","resultList":[{"shopDiscountName":"9折","dicCode":"9","createTime":"2019-6-24 15:06:49","shopDiscount":"0.9","shopDiscountCode":"0.9","updateTime":"2019-6-24 15:06:49","id":"11","dicName":"9折","dicType":"shopDiscount"}],"resultListTotal":1}
2019-07-01 at 16:21:46.920 CST INFO  com.newMall.service.impl.CommonServiceImpl enterprisePayment-在service中企业付款-enterprisePayment,请求-paramMap:{reUserName=惠生活, amount=90, customDesc=【御景西城贵公子】直接付款 0.9 元, openId=oAzim5MEDsI9fBi88cT_zovkw2L8, wxPublicNumGhId=gh_97b78683d2c9}
2019-07-01 at 16:21:46.923 CST INFO  com.newMall.service.impl.WX_DicServiceImpl getSimpleDicByCondition-【service】获取单一的字典-getSimpleDicByCondition,请求-paramMap = {"dicCode":"gh_97b78683d2c9","dicType":"cashBackActivity"}
2019-07-01 at 16:21:47.059 CST INFO  com.newMall.service.impl.WX_DicServiceImpl getSimpleDicByCondition-【service】获取单一的字典-getSimpleDicByCondition,响应-resultDTO = {"code":0,"message":"成功","resultList":[{"cashBackActivityName":"惠生活返现","dicCode":"gh_97b78683d2c9","cashBackActivityCode":"gh_97b78683d2c9","updateTime":"2019-6-24 16:05:41","checkName":"NO_CHECK","dicType":"cashBackActivity","createTime":"2019-6-24 16:05:41","wxPayCertPath":"/opt/wx_cert/newMall/apiclient_cert.p12","wxPublicNumberAppId":"wx54847eda0638538e","id":"659004588","dicName":"惠生活返现","wxPayMchId":"1529014131","wxPayApiSecert":"Caihongwang52013Caihongwang52014"}],"resultListTotal":1}
2019-07-01 at 16:22:37.775 CST INFO  com.newMall.service.impl.CommonServiceImpl enterprisePayment-在service中企业付款-enterprisePayment,响应-response:com.newMall.dto.ResultMapDTO@3debeb5e
2019-07-01 at 16:22:38.394 CST INFO  com.newMall.utils.HttpsUtil get-1561969357783 接收响应：urlhttps://api.weixin.qq.com/cgi-bin/token status=200
2019-07-01 at 16:22:38.734 CST INFO  com.newMall.utils.WX_PublicNumberUtil sendTemplateMessageForMiniProgram-向微信服务器发送请求获取，获取响应的is {"errcode":40037,"errmsg":"invalid template_id hint: [VyqX803584108]"}
2019-07-01 at 16:22:38.734 CST INFO  com.newMall.utils.WX_PublicNumberUtil sendTemplateMessageForMiniProgram-在service中发送小程序名片的模板消息-sendTemplateMessageForMiniProgram,响应-response:com.newMall.dto.ResultMapDTO@28b36817
2019-07-01 at 16:22:38.735 CST INFO  com.newMall.service.impl.WX_OrderServiceImpl wxPayNotifyForPayTheBillInMiniProgram-【订单完成通知】模板消息已发送...
2019-07-01 at 16:22:38.949 CST INFO  com.newMall.utils.HttpsUtil get-1561969358735 接收响应：urlhttps://api.weixin.qq.com/cgi-bin/token status=200
2019-07-01 at 16:22:39.257 CST INFO  com.newMall.utils.WX_PublicNumberUtil sendTemplateMessageForMiniProgram-向微信服务器发送请求获取，获取响应的is {"errcode":40037,"errmsg":"invalid template_id hint: [TxsboA03594125]"}
2019-07-01 at 16:22:39.258 CST INFO  com.newMall.utils.WX_PublicNumberUtil sendTemplateMessageForMiniProgram-在service中发送小程序名片的模板消息-sendTemplateMessageForMiniProgram,响应-response:com.newMall.dto.ResultMapDTO@2b39e77d
2019-07-01 at 16:22:39.259 CST INFO  com.newMall.service.impl.WX_OrderServiceImpl wxPayNotifyForPayTheBillInMiniProgram-【新订单通知】模板消息已发送...
2019-07-01 at 16:22:39.265 CST INFO  com.newMall.service.impl.WX_OrderServiceImpl wxPayNotifyForPayTheBillInMiniProgram-【service】买单成功后的回调通知-wxPayNotifyForPayTheBillInMiniProgram,响应-resultMapDTO = {"code":150007,"message":"红包状态：此IP地址不允许调用接口，如有需要请登录微信支付商户平台更改配置 ， 提示：此IP地址不允许调用接口，如有需要请登录微信支付商户平台更改配置。","resultListTotal":0}
2019-07-01 at 16:26:41.924 CST INFO  com.newMall.service.impl.WX_OrderServiceImplTest logStartupProfileInfo-No active profile set, falling back to default profiles: default
2019-07-01 at 16:26:48.417 CST INFO  com.newMall.config.JedisConfig redisPoolFactory-JedisPool注入成功！redis地址：112.74.177.170:6379
2019-07-01 at 16:26:49.740 CST INFO  com.newMall.service.impl.WX_DicServiceImpl getSimpleDicByCondition-【service】获取单一的字典-getSimpleDicByCondition,请求-paramMap = {"dicType":"customMessageAccount"}
2019-07-01 at 16:26:50.998 CST INFO  com.newMall.service.impl.WX_DicServiceImpl getSimpleDicByCondition-【service】获取单一的字典-getSimpleDicByCondition,响应-resultDTO = {"code":0,"message":"成功","resultList":[{"customMessageAccountId":"gh_97b78683d2c9","customMessageAccountCode":"hui#_sheng#_huo","dicCode":"gh_97b78683d2c9","createTime":"2019-6-24 15:40:20","customMessageAccountAppId":"wx54847eda0638538e","customMessageAccountName":"惠生活","updateTime":"2019-6-24 15:40:20","customMessageAccountSecret":"c602d2b8fb984603cc82d3747c9bbb64","id":"659004576","dicName":"惠生活-小程序","customMessageType":"hui#_sheng#_huo","dicType":"customMessageAccount"}],"resultListTotal":1}
2019-07-01 at 16:26:57.827 CST INFO  com.newMall.service.impl.WX_OrderServiceImplTest logStarted-Started WX_OrderServiceImplTest in 17.716 seconds (JVM running for 24.253)
2019-07-01 at 16:26:58.087 CST INFO  com.newMall.service.impl.WX_OrderServiceImpl wxPayNotifyForPayTheBillInMiniProgram-【service】买单成功后的回调通知-wxPayNotifyForPayTheBillInMiniProgram,请求-paramMap = {"openid":"oAzim5MEDsI9fBi88cT_zovkw2L8","attach":"{\"payMoney\":\"1\",\"balance\":\"0\",\"integral\":\"0\",\"wxOrderId\":\"6d1315b5a8704ffd9286df3c6e40f651\",\"shopId\":\"1\"}"}
2019-07-01 at 16:26:58.452 CST INFO  com.newMall.service.impl.WX_DicServiceImpl getSimpleDicByCondition-【service】获取单一的字典-getSimpleDicByCondition,请求-paramMap = {"dicCode":"9","dicType":"shopDiscount"}
2019-07-01 at 16:26:58.547 CST INFO  com.newMall.service.impl.WX_DicServiceImpl getSimpleDicByCondition-【service】获取单一的字典-getSimpleDicByCondition,响应-resultDTO = {"code":0,"message":"成功","resultList":[{"shopDiscountName":"9折","dicCode":"9","createTime":"2019-6-24 15:06:49","shopDiscount":"0.9","shopDiscountCode":"0.9","updateTime":"2019-6-24 15:06:49","id":"11","dicName":"9折","dicType":"shopDiscount"}],"resultListTotal":1}
2019-07-01 at 16:27:14.294 CST INFO  com.newMall.service.impl.CommonServiceImpl enterprisePayment-在service中企业付款-enterprisePayment,请求-paramMap:{reUserName=惠生活, amount=90, customDesc=【御景西城贵公子】直接付款 0.9 元, openId=oAzim5MEDsI9fBi88cT_zovkw2L8, wxPublicNumGhId=gh_97b78683d2c9}
2019-07-01 at 16:27:14.299 CST INFO  com.newMall.service.impl.WX_DicServiceImpl getSimpleDicByCondition-【service】获取单一的字典-getSimpleDicByCondition,请求-paramMap = {"dicCode":"gh_97b78683d2c9","dicType":"cashBackActivity"}
2019-07-01 at 16:27:14.437 CST INFO  com.newMall.service.impl.WX_DicServiceImpl getSimpleDicByCondition-【service】获取单一的字典-getSimpleDicByCondition,响应-resultDTO = {"code":0,"message":"成功","resultList":[{"cashBackActivityName":"惠生活返现","dicCode":"gh_97b78683d2c9","cashBackActivityCode":"gh_97b78683d2c9","updateTime":"2019-6-24 16:05:41","checkName":"NO_CHECK","dicType":"cashBackActivity","createTime":"2019-6-24 16:05:41","wxPayCertPath":"/opt/wx_cert/newMall/apiclient_cert.p12","wxPublicNumberAppId":"wx54847eda0638538e","id":"659004588","dicName":"惠生活返现","wxPayMchId":"1529014131","wxPayApiSecert":"Caihongwang52013Caihongwang52014"}],"resultListTotal":1}
2019-07-01 at 16:30:08.352 CST INFO  com.newMall.service.impl.CommonServiceImpl enterprisePayment-在service中企业付款-enterprisePayment,响应-response:com.newMall.dto.ResultMapDTO@47fca369
2019-07-01 at 16:30:08.888 CST INFO  com.newMall.utils.HttpsUtil get-1561969808361 接收响应：urlhttps://api.weixin.qq.com/cgi-bin/token status=200
2019-07-01 at 16:30:09.198 CST INFO  com.newMall.utils.WX_PublicNumberUtil sendTemplateMessageForMiniProgram-向微信服务器发送请求获取，获取响应的is {"errcode":40037,"errmsg":"invalid template_id hint: [afT_Ja08094114]"}
2019-07-01 at 16:30:09.199 CST INFO  com.newMall.utils.WX_PublicNumberUtil sendTemplateMessageForMiniProgram-在service中发送小程序名片的模板消息-sendTemplateMessageForMiniProgram,响应-response:com.newMall.dto.ResultMapDTO@ca90087
2019-07-01 at 16:30:09.199 CST INFO  com.newMall.service.impl.WX_OrderServiceImpl wxPayNotifyForPayTheBillInMiniProgram-【订单完成通知】模板消息已发送...
2019-07-01 at 16:30:09.375 CST INFO  com.newMall.utils.HttpsUtil get-1561969809199 接收响应：urlhttps://api.weixin.qq.com/cgi-bin/token status=200
2019-07-01 at 16:30:09.652 CST INFO  com.newMall.utils.WX_PublicNumberUtil sendTemplateMessageForMiniProgram-向微信服务器发送请求获取，获取响应的is {"errcode":40037,"errmsg":"invalid template_id hint: [RYupUA08093941]"}
2019-07-01 at 16:30:09.653 CST INFO  com.newMall.utils.WX_PublicNumberUtil sendTemplateMessageForMiniProgram-在service中发送小程序名片的模板消息-sendTemplateMessageForMiniProgram,响应-response:com.newMall.dto.ResultMapDTO@517f9ba3
2019-07-01 at 16:30:09.655 CST INFO  com.newMall.service.impl.WX_OrderServiceImpl wxPayNotifyForPayTheBillInMiniProgram-【新订单通知】模板消息已发送...
2019-07-01 at 16:30:09.665 CST INFO  com.newMall.service.impl.WX_OrderServiceImpl wxPayNotifyForPayTheBillInMiniProgram-【service】买单成功后的回调通知-wxPayNotifyForPayTheBillInMiniProgram,响应-resultMapDTO = {"code":150007,"message":"红包状态：支付失败 ， 提示：余额不足。","resultListTotal":0}
2019-07-01 at 16:39:14.893 CST INFO  com.newMall.service.impl.WX_OrderServiceImplTest logStartupProfileInfo-No active profile set, falling back to default profiles: default
2019-07-01 at 16:39:22.892 CST INFO  com.newMall.config.JedisConfig redisPoolFactory-JedisPool注入成功！redis地址：112.74.177.170:6379
2019-07-01 at 16:39:24.331 CST INFO  com.newMall.service.impl.WX_DicServiceImpl getSimpleDicByCondition-【service】获取单一的字典-getSimpleDicByCondition,请求-paramMap = {"dicType":"customMessageAccount"}
2019-07-01 at 16:39:25.637 CST INFO  com.newMall.service.impl.WX_DicServiceImpl getSimpleDicByCondition-【service】获取单一的字典-getSimpleDicByCondition,响应-resultDTO = {"code":0,"message":"成功","resultList":[{"customMessageAccountId":"gh_97b78683d2c9","customMessageAccountCode":"hui#_sheng#_huo","dicCode":"gh_97b78683d2c9","createTime":"2019-6-24 15:40:20","customMessageAccountAppId":"wx54847eda0638538e","customMessageAccountName":"惠生活","updateTime":"2019-6-24 15:40:20","customMessageAccountSecret":"c602d2b8fb984603cc82d3747c9bbb64","id":"659004576","dicName":"惠生活-小程序","customMessageType":"hui#_sheng#_huo","dicType":"customMessageAccount"}],"resultListTotal":1}
2019-07-01 at 16:39:32.328 CST INFO  com.newMall.service.impl.WX_OrderServiceImplTest logStarted-Started WX_OrderServiceImplTest in 20.48 seconds (JVM running for 24.83)
2019-07-01 at 16:39:32.569 CST INFO  com.newMall.service.impl.WX_OrderServiceImpl wxPayNotifyForPayTheBillInMiniProgram-【service】买单成功后的回调通知-wxPayNotifyForPayTheBillInMiniProgram,请求-paramMap = {"openid":"oAzim5MEDsI9fBi88cT_zovkw2L8","attach":"{\"payMoney\":\"1\",\"balance\":\"0\",\"integral\":\"0\",\"wxOrderId\":\"6d1315b5a8704ffd9286df3c6e40f651\",\"shopId\":\"1\"}"}
2019-07-01 at 16:39:32.980 CST INFO  com.newMall.service.impl.WX_DicServiceImpl getSimpleDicByCondition-【service】获取单一的字典-getSimpleDicByCondition,请求-paramMap = {"dicCode":"9","dicType":"shopDiscount"}
2019-07-01 at 16:39:33.077 CST INFO  com.newMall.service.impl.WX_DicServiceImpl getSimpleDicByCondition-【service】获取单一的字典-getSimpleDicByCondition,响应-resultDTO = {"code":0,"message":"成功","resultList":[{"shopDiscountName":"9折","dicCode":"9","createTime":"2019-6-24 15:06:49","shopDiscount":"0.9","shopDiscountCode":"0.9","updateTime":"2019-6-24 15:06:49","id":"11","dicName":"9折","dicType":"shopDiscount"}],"resultListTotal":1}
2019-07-01 at 16:39:33.128 CST INFO  com.newMall.service.impl.CommonServiceImpl enterprisePayment-在service中企业付款-enterprisePayment,请求-paramMap:{reUserName=惠生活, amount=90, customDesc=【御景西城贵公子】直接付款 0.9 元, openId=oAzim5MEDsI9fBi88cT_zovkw2L8, wxPublicNumGhId=gh_97b78683d2c9}
2019-07-01 at 16:39:33.129 CST INFO  com.newMall.service.impl.WX_DicServiceImpl getSimpleDicByCondition-【service】获取单一的字典-getSimpleDicByCondition,请求-paramMap = {"dicCode":"gh_97b78683d2c9","dicType":"cashBackActivity"}
2019-07-01 at 16:39:33.228 CST INFO  com.newMall.service.impl.WX_DicServiceImpl getSimpleDicByCondition-【service】获取单一的字典-getSimpleDicByCondition,响应-resultDTO = {"code":0,"message":"成功","resultList":[{"cashBackActivityName":"惠生活返现","dicCode":"gh_97b78683d2c9","cashBackActivityCode":"gh_97b78683d2c9","updateTime":"2019-6-24 16:05:41","checkName":"NO_CHECK","dicType":"cashBackActivity","createTime":"2019-6-24 16:05:41","wxPayCertPath":"/opt/wx_cert/newMall/apiclient_cert.p12","wxPublicNumberAppId":"wx54847eda0638538e","id":"659004588","dicName":"惠生活返现","wxPayMchId":"1529014131","wxPayApiSecert":"Caihongwang52013Caihongwang52014"}],"resultListTotal":1}
2019-07-01 at 16:39:34.849 CST INFO  com.newMall.service.impl.CommonServiceImpl enterprisePayment-在service中企业付款-enterprisePayment,响应-response:com.newMall.dto.ResultMapDTO@3ca43e5d
2019-07-01 at 16:39:35.322 CST INFO  com.newMall.utils.HttpsUtil get-1561970374856 接收响应：urlhttps://api.weixin.qq.com/cgi-bin/token status=200
2019-07-01 at 16:39:35.690 CST INFO  com.newMall.utils.WX_PublicNumberUtil sendTemplateMessageForMiniProgram-向微信服务器发送请求获取，获取响应的is {"errcode":40037,"errmsg":"invalid template_id hint: [PDsapA03753950]"}
2019-07-01 at 16:39:35.691 CST INFO  com.newMall.utils.WX_PublicNumberUtil sendTemplateMessageForMiniProgram-在service中发送小程序名片的模板消息-sendTemplateMessageForMiniProgram,响应-response:com.newMall.dto.ResultMapDTO@6b438782
2019-07-01 at 16:39:35.691 CST INFO  com.newMall.service.impl.WX_OrderServiceImpl wxPayNotifyForPayTheBillInMiniProgram-【订单完成通知】模板消息已发送...
2019-07-01 at 16:39:35.889 CST INFO  com.newMall.utils.HttpsUtil get-1561970375691 接收响应：urlhttps://api.weixin.qq.com/cgi-bin/token status=200
2019-07-01 at 16:39:36.179 CST INFO  com.newMall.utils.WX_PublicNumberUtil sendTemplateMessageForMiniProgram-向微信服务器发送请求获取，获取响应的is {"errcode":40037,"errmsg":"invalid template_id hint: [Fzisba03768672]"}
2019-07-01 at 16:39:36.180 CST INFO  com.newMall.utils.WX_PublicNumberUtil sendTemplateMessageForMiniProgram-在service中发送小程序名片的模板消息-sendTemplateMessageForMiniProgram,响应-response:com.newMall.dto.ResultMapDTO@3b26afbc
2019-07-01 at 16:39:36.180 CST INFO  com.newMall.service.impl.WX_OrderServiceImpl wxPayNotifyForPayTheBillInMiniProgram-【新订单通知】模板消息已发送...
2019-07-01 at 16:39:36.185 CST INFO  com.newMall.service.impl.WX_OrderServiceImpl wxPayNotifyForPayTheBillInMiniProgram-【service】买单成功后的回调通知-wxPayNotifyForPayTheBillInMiniProgram,响应-resultMapDTO = {"code":0,"message":"成功","resultListTotal":0}
